
#########
Wed 27 Dec 2023 10:12:45 AM EET
##########


your SSL certificate for URL facebook.com will expire in 7 days
##########################
Wed 27 Dec 2023 10:14:23 AM EET
##########################




##########################
Wed 27 Dec 2023 10:14:25 AM EET
##########################




##########################
Wed 27 Dec 2023 10:15:01 AM EET
##########################

 


##########################
Wed 27 Dec 2023 10:16:29 AM EET
##########################




##########################
Wed 27 Dec 2023 10:18:44 AM EET
##########################

your SSL certificate for URL facebook.com will expire in 7 days


##########################
Wed 27 Dec 2023 10:18:46 AM EET
##########################

your SSL certificate for URL facebook.com will expire in 7 days


##########################
Wed 27 Dec 2023 10:21:38 AM EET
##########################

your SSL certificate for URL facebook.com will expire in 7 days


##########################
Wed 27 Dec 2023 10:21:41 AM EET
##########################

your SSL certificate for URL facebook.com will expire in 7 days


##########################
Wed 27 Dec 2023 10:21:46 AM EET
##########################

your SSL certificate for URL googl.com will expire in 46 days
your SSL certificate for URL facebook.com will expire in 7 days
your SSL certificate for URL slack.com will expire in 49 days


##########################
Wed 27 Dec 2023 10:21:49 AM EET
##########################

your SSL certificate for URL googl.com will expire in 46 days
your SSL certificate for URL facebook.com will expire in 7 days
your SSL certificate for URL slack.com will expire in 49 days


##########################
Wed 27 Dec 2023 10:28:08 AM EET
##########################

your SSL certificate for URL facebook.com will expire in 7 days


##########################
Wed 27 Dec 2023 10:28:20 AM EET
##########################

your SSL certificate for URL facebook.com will expire in 7 days


##########################
Wed 27 Dec 2023 10:28:45 AM EET
##########################

your SSL certificate for URL facebook.com will expire in 7 days
